Training parameters:
Epochs: 50
Batch size: 64
Learning rate: 0.0001
Dataset dir: /data/dust/user/zhaiyufe/TrainSet/ML_1D_Fitting_GISAXS_K3K4
Model dir: /data/dust/user/zhaiyufe/Models/ML_1D_Fitting_GISAXS_K3K4
Extra train args: 
CUDA_VISIBLE_DEVICES=
/usr/bin/nvidia-smi
Fri Jun  5 02:32:58 2026       
+-----------------------------------------------------------------------------------------+
| NVIDIA-SMI 580.159.03             Driver Version: 580.159.03     CUDA Version: 13.0     |
+-----------------------------------------+------------------------+----------------------+
| GPU  Name                 Persistence-M | Bus-Id          Disp.A | Volatile Uncorr. ECC |
| Fan  Temp   Perf          Pwr:Usage/Cap |           Memory-Usage | GPU-Util  Compute M. |
|                                         |                        |               MIG M. |
|=========================================+========================+======================|
|   0  Tesla P100-SXM2-16GB           On  |   00000000:05:00.0 Off |                    0 |
| N/A   36C    P0             33W /  300W |       0MiB /  16384MiB |      0%      Default |
|                                         |                        |                  N/A |
+-----------------------------------------+------------------------+----------------------+
|   1  Tesla P100-SXM2-16GB           On  |   00000000:06:00.0 Off |                    0 |
| N/A   33C    P0             30W /  300W |       0MiB /  16384MiB |      0%      Default |
|                                         |                        |                  N/A |
+-----------------------------------------+------------------------+----------------------+
|   2  Tesla P100-SXM2-16GB           On  |   00000000:84:00.0 Off |                    0 |
| N/A   34C    P0             30W /  300W |       0MiB /  16384MiB |      0%      Default |
|                                         |                        |                  N/A |
+-----------------------------------------+------------------------+----------------------+
|   3  Tesla P100-SXM2-16GB           On  |   00000000:85:00.0 Off |                    0 |
| N/A   37C    P0             31W /  300W |       0MiB /  16384MiB |      0%      Default |
|                                         |                        |                  N/A |
+-----------------------------------------+------------------------+----------------------+

+-----------------------------------------------------------------------------------------+
| Processes:                                                                              |
|  GPU   GI   CI              PID   Type   Process name                        GPU Memory |
|        ID   ID                                                               Usage      |
|=========================================================================================|
|  No running processes found                                                             |
+-----------------------------------------------------------------------------------------+
