CUDA 12.3 loaded using /software/cuda/cuda-12.3
/var/spool/slurmd/job22991994/slurm_script: line 42: activate: No such file or directory

CommandNotFoundError: Your shell has not been properly configured to use 'conda activate'.
To initialize your shell, run

    $ conda init <SHELL_NAME>

Currently supported shells are:
  - bash
  - fish
  - tcsh
  - xonsh
  - zsh
  - powershell

See 'conda init --help' for more information and options.

IMPORTANT: You may need to close and restart your shell after running 'conda init'.


2026-06-05 10:26:53.729884: E external/local_xla/xla/stream_executor/cuda/cuda_dnn.cc:9261] Unable to register cuDNN factory: Attempting to register factory for plugin cuDNN when one has already been registered
2026-06-05 10:26:53.729977: E external/local_xla/xla/stream_executor/cuda/cuda_fft.cc:607] Unable to register cuFFT factory: Attempting to register factory for plugin cuFFT when one has already been registered
2026-06-05 10:26:53.731939: E external/local_xla/xla/stream_executor/cuda/cuda_blas.cc:1515] Unable to register cuBLAS factory: Attempting to register factory for plugin cuBLAS when one has already been registered
2026-06-05 10:26:53.740129: I tensorflow/core/platform/cpu_feature_guard.cc:182] This TensorFlow binary is optimized to use available CPU instructions in performance-critical operations.
To enable the following instructions: AVX2 FMA, in other operations, rebuild TensorFlow with the appropriate compiler flags.
2026-06-05 10:26:55.303119: W tensorflow/compiler/tf2tensorrt/utils/py_utils.cc:38] TF-TRT Warning: Could not find TensorRT
2026-06-05 10:26:59.114702: I tensorflow/core/common_runtime/gpu/gpu_device.cc:1929] Created device /job:localhost/replica:0/task:0/device:GPU:0 with 15511 MB memory:  -> device: 0, name: Tesla P100-SXM2-16GB, pci bus id: 0000:05:00.0, compute capability: 6.0
2026-06-05 10:26:59.115352: I tensorflow/core/common_runtime/gpu/gpu_device.cc:1929] Created device /job:localhost/replica:0/task:0/device:GPU:1 with 15511 MB memory:  -> device: 1, name: Tesla P100-SXM2-16GB, pci bus id: 0000:06:00.0, compute capability: 6.0
2026-06-05 10:26:59.115869: I tensorflow/core/common_runtime/gpu/gpu_device.cc:1929] Created device /job:localhost/replica:0/task:0/device:GPU:2 with 15511 MB memory:  -> device: 2, name: Tesla P100-SXM2-16GB, pci bus id: 0000:84:00.0, compute capability: 6.0
2026-06-05 10:26:59.116373: I tensorflow/core/common_runtime/gpu/gpu_device.cc:1929] Created device /job:localhost/replica:0/task:0/device:GPU:3 with 15511 MB memory:  -> device: 3, name: Tesla P100-SXM2-16GB, pci bus id: 0000:85:00.0, compute capability: 6.0
2026-06-05 10:27:25.463367: I external/local_xla/xla/service/service.cc:168] XLA service 0x14c256cd1340 initialized for platform CUDA (this does not guarantee that XLA will be used). Devices:
2026-06-05 10:27:25.463452: I external/local_xla/xla/service/service.cc:176]   StreamExecutor device (0): Tesla P100-SXM2-16GB, Compute Capability 6.0
2026-06-05 10:27:25.463489: I external/local_xla/xla/service/service.cc:176]   StreamExecutor device (1): Tesla P100-SXM2-16GB, Compute Capability 6.0
2026-06-05 10:27:25.463518: I external/local_xla/xla/service/service.cc:176]   StreamExecutor device (2): Tesla P100-SXM2-16GB, Compute Capability 6.0
2026-06-05 10:27:25.463529: I external/local_xla/xla/service/service.cc:176]   StreamExecutor device (3): Tesla P100-SXM2-16GB, Compute Capability 6.0
2026-06-05 10:27:25.471430: I tensorflow/compiler/mlir/tensorflow/utils/dump_mlir_util.cc:269] disabling MLIR crash reproducer, set env var `MLIR_CRASH_REPRODUCER_DIRECTORY` to enable.
2026-06-05 10:27:25.494288: I external/local_xla/xla/stream_executor/cuda/cuda_dnn.cc:454] Loaded cuDNN version 8907
WARNING: All log messages before absl::InitializeLog() is called are written to STDERR
I0000 00:00:1780648045.564114 2328034 device_compiler.h:186] Compiled cluster using XLA!  This line is logged at most once for the lifetime of the process.
WARNING:tensorflow:Compiled the loaded model, but the compiled metrics have yet to be built. `model.compile_metrics` will be empty until you train or evaluate the model.
