CUDA_VISIBLE_DEVICES=
/usr/bin/nvidia-smi
Fri Jun  5 16:53:29 2026       
+-----------------------------------------------------------------------------------------+
| NVIDIA-SMI 580.159.03             Driver Version: 580.159.03     CUDA Version: 13.0     |
+-----------------------------------------+------------------------+----------------------+
| GPU  Name                 Persistence-M | Bus-Id          Disp.A | Volatile Uncorr. ECC |
| Fan  Temp   Perf          Pwr:Usage/Cap |           Memory-Usage | GPU-Util  Compute M. |
|                                         |                        |               MIG M. |
|=========================================+========================+======================|
|   0  Tesla P100-PCIE-16GB           On  |   00000000:86:00.0 Off |                    0 |
| N/A   36C    P0             26W /  250W |       0MiB /  16384MiB |      0%      Default |
|                                         |                        |                  N/A |
+-----------------------------------------+------------------------+----------------------+

+-----------------------------------------------------------------------------------------+
| Processes:                                                                              |
|  GPU   GI   CI              PID   Type   Process name                        GPU Memory |
|        ID   ID                                                               Usage      |
|=========================================================================================|
|  No running processes found                                                             |
+-----------------------------------------------------------------------------------------+
Overfit debug parameters:
TRAIN_DIR=/data/dust/user/zhaiyufe/TrainSet/ML_1D_Fitting_GISAXS_K1/train
OUTPUT_DIR=/home/zhaiyufe/PycharmProjects/ML_Fitting_1D_GISAXS/Training/overfit_debug_simple_loss
NUM_SAMPLES=64
EPOCHS=100
BATCH_SIZE=8
EVAL_BATCH_SIZE=1
PRINT_EVERY=5
NOISE_FRAC=0.01
DEBUG_MAX_POINTS=256
PLOT_N=16
LEARNING_RATE=0.0001
SKIP_MODEL_SAVE=1
USE_TRUE_GLOBAL_FOR_PLOT=1
Loading K=1 subset...
epoch 001 | train_loss=2.455920 | type_accuracy=0.7031 | param_mae=0.209446 | global_mae=0.256882 | exist_loss=0.098179 | type_loss=0.492759 | param_mse=0.067957 | global_mse=0.101170
epoch 005 | train_loss=1.602299 | type_accuracy=0.8906 | param_mae=0.172626 | global_mae=0.201108 | exist_loss=0.017646 | type_loss=0.340532 | param_mse=0.047238 | global_mse=0.059872
epoch 010 | train_loss=1.376398 | type_accuracy=0.8281 | param_mae=0.151840 | global_mae=0.185251 | exist_loss=0.008949 | type_loss=0.289468 | param_mse=0.041035 | global_mse=0.051457
epoch 015 | train_loss=1.154473 | type_accuracy=0.9219 | param_mae=0.138012 | global_mae=0.177950 | exist_loss=0.005987 | type_loss=0.228019 | param_mse=0.033917 | global_mse=0.048424
epoch 020 | train_loss=1.125153 | type_accuracy=0.9375 | param_mae=0.135363 | global_mae=0.171570 | exist_loss=0.004873 | type_loss=0.186452 | param_mse=0.035016 | global_mse=0.046700
epoch 025 | train_loss=0.876074 | type_accuracy=0.9688 | param_mae=0.118570 | global_mae=0.169262 | exist_loss=0.004452 | type_loss=0.131216 | param_mse=0.025677 | global_mse=0.045374
epoch 030 | train_loss=0.855840 | type_accuracy=0.9688 | param_mae=0.120965 | global_mae=0.166995 | exist_loss=0.004863 | type_loss=0.094752 | param_mse=0.026635 | global_mse=0.044707
epoch 035 | train_loss=0.648289 | type_accuracy=1.0000 | param_mae=0.095179 | global_mae=0.163546 | exist_loss=0.004935 | type_loss=0.067770 | param_mse=0.017922 | global_mse=0.043430
epoch 040 | train_loss=0.716302 | type_accuracy=1.0000 | param_mae=0.111206 | global_mae=0.162590 | exist_loss=0.004050 | type_loss=0.054246 | param_mse=0.022195 | global_mse=0.042823
epoch 045 | train_loss=0.586261 | type_accuracy=1.0000 | param_mae=0.092008 | global_mae=0.158936 | exist_loss=0.003021 | type_loss=0.044129 | param_mse=0.016465 | global_mse=0.041961
epoch 050 | train_loss=0.502577 | type_accuracy=1.0000 | param_mae=0.078250 | global_mae=0.156470 | exist_loss=0.003313 | type_loss=0.035499 | param_mse=0.012888 | global_mse=0.041202
epoch 055 | train_loss=0.536672 | type_accuracy=0.9844 | param_mae=0.085387 | global_mae=0.154799 | exist_loss=0.003028 | type_loss=0.037170 | param_mse=0.014825 | global_mse=0.039993
epoch 060 | train_loss=0.455493 | type_accuracy=1.0000 | param_mae=0.077547 | global_mae=0.155737 | exist_loss=0.003230 | type_loss=0.024943 | param_mse=0.011470 | global_mse=0.039584
epoch 065 | train_loss=0.579668 | type_accuracy=0.9844 | param_mae=0.093771 | global_mae=0.153875 | exist_loss=0.003303 | type_loss=0.034981 | param_mse=0.017190 | global_mse=0.039518
epoch 070 | train_loss=0.393190 | type_accuracy=0.9844 | param_mae=0.061251 | global_mae=0.150325 | exist_loss=0.002629 | type_loss=0.034544 | param_mse=0.008294 | global_mse=0.038025
epoch 075 | train_loss=0.356018 | type_accuracy=0.9844 | param_mae=0.061583 | global_mae=0.150622 | exist_loss=0.002988 | type_loss=0.022250 | param_mse=0.007132 | global_mse=0.037627
epoch 080 | train_loss=0.345479 | type_accuracy=0.9844 | param_mae=0.055791 | global_mae=0.145985 | exist_loss=0.002561 | type_loss=0.028669 | param_mse=0.006427 | global_mse=0.037142
epoch 085 | train_loss=0.299567 | type_accuracy=1.0000 | param_mae=0.050108 | global_mae=0.145647 | exist_loss=0.002498 | type_loss=0.015510 | param_mse=0.005061 | global_mse=0.036070
epoch 090 | train_loss=0.359365 | type_accuracy=0.9844 | param_mae=0.052599 | global_mae=0.143693 | exist_loss=0.002966 | type_loss=0.043060 | param_mse=0.006785 | global_mse=0.035529
epoch 095 | train_loss=0.331812 | type_accuracy=1.0000 | param_mae=0.059324 | global_mae=0.142023 | exist_loss=0.001606 | type_loss=0.017075 | param_mse=0.006922 | global_mse=0.034940
epoch 100 | train_loss=0.283335 | type_accuracy=1.0000 | param_mae=0.045675 | global_mae=0.141748 | exist_loss=0.002089 | type_loss=0.016586 | param_mse=0.004533 | global_mse=0.034799
Rendering saved/oracle/predicted curves for first 16 samples...
Done. Outputs written to /home/zhaiyufe/PycharmProjects/ML_Fitting_1D_GISAXS/Training/overfit_debug_simple_loss
